<?xml version="1.0" encoding="UTF-8"?>
<!-- Generated by org.testng.reporters.JUnitXMLReporter -->
<testsuite hostname="PC327537" name="Test" tests="9" failures="0" timestamp="7 Feb 2020 09:50:40 GMT" time="11.625" errors="0">
  <testcase name="deleteTest" time="4.831" classname="restTest.deleteMethod"/>
  <testcase name="postMethodSample" time="1.467" classname="restTest.postMethod"/>
  <testcase name="patchScenario" time="0.827" classname="restTest.patchMethod"/>
  <testcase name="putScenario" time="0.777" classname="restTest.putMethod"/>
  <testcase name="GetBookingIds_VerifyStatusCode" time="0.427" classname="restTest.getMethod"/>
  <testcase name="postSuccess1" time="0.816" classname="restTest.postScenario"/>
  <testcase name="postFailure" time="0.759" classname="restTest.postScenario"/>
  <testcase name="postLoginPass" time="0.861" classname="restTest.postScenario"/>
  <testcase name="postLoginFail" time="0.795" classname="restTest.postScenario"/>
</testsuite> <!-- Test -->
