<?xml version="1.0" encoding="UTF-8"?>
<testng-results skipped="0" failed="0" ignored="0" total="1" passed="1">
  <reporter-output>
  </reporter-output>
  <suite name="Default suite" duration-ms="2701" started-at="2020-01-13T13:49:48Z" finished-at="2020-01-13T13:49:50Z">
    <groups>
    </groups>
    <test name="Default test" duration-ms="2701" started-at="2020-01-13T13:49:48Z" finished-at="2020-01-13T13:49:50Z">
      <class name="postMethod">
        <test-method status="PASS" signature="postMethodSample()[pri:0, instance:postMethod@d8355a8]" name="postMethodSample" duration-ms="2681" started-at="2020-01-13T13:49:48Z" finished-at="2020-01-13T13:49:50Z">
          <reporter-output>
          </reporter-output>
        </test-method> <!-- postMethodSample -->
      </class> <!-- postMethod -->
    </test> <!-- Default test -->
  </suite> <!-- Default suite -->
</testng-results>
